# JRE version: OpenJDK Runtime Environment Zulu15.40+19-CA (15.0.7+4) (build 15.0.7+4-MTS)
# Java VM: OpenJDK 64-Bit Server VM Zulu15.40+19-CA (15.0.7+4-MTS, mixed mode, tiered, compressed oops, g1 gc, bsd-aarch64)
GC Precious Log:
 CPUs: 8 total, 8 available
 Memory: 16384M
 Large Page Support: Disabled
 NUMA Support: Disabled
 Compressed Oops: Enabled (Zero based)
 Heap Region Size: 1M
 Heap Min Capacity: 8M
 Heap Initial Capacity: 256M
 Heap Max Capacity: 1G
 Pre-touch: Disabled
 Parallel Workers: 8
 Concurrent Workers: 2
 Concurrent Refinement Workers: 8
 Periodic GC: Disabled
Heap:
 garbage-first heap   total 24576K, used 5454K [0x0000000780000000, 0x00000007c0000000)
  region size 1024K, 1 young (1024K), 0 survivors (0K)
 Metaspace       used 8323K, capacity 8462K, committed 8576K, reserved 1056768K
  class space    used 736K, capacity 787K, committed 896K, reserved 1048576K
GC Heap History (14 events):
Event: 0.086 GC heap before
{Heap before GC invocations=0 (full 0):
 garbage-first heap   total 262144K, used 4096K [0x0000000780000000, 0x00000007c0000000)
  region size 1024K, 5 young (5120K), 0 survivors (0K)
 Metaspace       used 6902K, capacity 7074K, committed 7424K, reserved 1056768K
  class space    used 611K, capacity 673K, committed 768K, reserved 1048576K
}
Event: 0.088 GC heap after
{Heap after GC invocations=1 (full 1):
 garbage-first heap   total 17408K, used 1366K [0x0000000780000000, 0x00000007c0000000)
  region size 1024K, 0 young (0K), 0 survivors (0K)
 Metaspace       used 6902K, capacity 7074K, committed 7424K, reserved 1056768K
  class space    used 611K, capacity 673K, committed 768K, reserved 1048576K
}
Event: 0.149 GC heap before
{Heap before GC invocations=1 (full 1):
 garbage-first heap   total 17408K, used 5462K [0x0000000780000000, 0x00000007c0000000)
  region size 1024K, 4 young (4096K), 0 survivors (0K)
 Metaspace       used 8152K, capacity 8258K, committed 8576K, reserved 1056768K
  class space    used 726K, capacity 785K, committed 896K, reserved 1048576K
}
Event: 0.149 GC heap after
{Heap after GC invocations=2 (full 1):
 garbage-first heap   total 17408K, used 2061K [0x0000000780000000, 0x00000007c0000000)
  region size 1024K, 1 young (1024K), 1 survivors (1024K)
 Metaspace       used 8152K, capacity 8258K, committed 8576K, reserved 1056768K
  class space    used 726K, capacity 785K, committed 896K, reserved 1048576K
}
Event: 0.156 GC heap before
{Heap before GC invocations=2 (full 1):
 garbage-first heap   total 17408K, used 6157K [0x0000000780000000, 0x00000007c0000000)
  region size 1024K, 5 young (5120K), 1 survivors (1024K)
 Metaspace       used 8175K, capacity 8322K, committed 8576K, reserved 1056768K
  class space    used 727K, capacity 785K, committed 896K, reserved 1048576K
}
Event: 0.157 GC heap after
{Heap after GC invocations=3 (full 1):
 garbage-first heap   total 17408K, used 2443K [0x0000000780000000, 0x00000007c0000000)
  region size 1024K, 1 young (1024K), 1 survivors (1024K)
 Metaspace       used 8175K, capacity 8322K, committed 8576K, reserved 1056768K
  class space    used 727K, capacity 785K, committed 896K, reserved 1048576K
}
Event: 0.160 GC heap before
{Heap before GC invocations=3 (full 1):
 garbage-first heap   total 17408K, used 6539K [0x0000000780000000, 0x00000007c0000000)
  region size 1024K, 5 young (5120K), 1 survivors (1024K)
 Metaspace       used 8176K, capacity 8322K, committed 8576K, reserved 1056768K
  class space    used 727K, capacity 785K, committed 896K, reserved 1048576K
}
Event: 0.160 GC heap after
{Heap after GC invocations=4 (full 1):
 garbage-first heap   total 17408K, used 2765K [0x0000000780000000, 0x00000007c0000000)
  region size 1024K, 1 young (1024K), 1 survivors (1024K)
 Metaspace       used 8176K, capacity 8322K, committed 8576K, reserved 1056768K
  class space    used 727K, capacity 785K, committed 896K, reserved 1048576K
}
Event: 0.164 GC heap before
{Heap before GC invocations=4 (full 1):
 garbage-first heap   total 17408K, used 7885K [0x0000000780000000, 0x00000007c0000000)
  region size 1024K, 6 young (6144K), 1 survivors (1024K)
 Metaspace       used 8184K, capacity 8322K, committed 8576K, reserved 1056768K
  class space    used 727K, capacity 785K, committed 896K, reserved 1048576K
}
Event: 0.165 GC heap after
{Heap after GC invocations=5 (full 1):
 garbage-first heap   total 17408K, used 3220K [0x0000000780000000, 0x00000007c0000000)
  region size 1024K, 1 young (1024K), 1 survivors (1024K)
 Metaspace       used 8184K, capacity 8322K, committed 8576K, reserved 1056768K
  class space    used 727K, capacity 785K, committed 896K, reserved 1048576K
}
Event: 0.168 GC heap before
{Heap before GC invocations=5 (full 1):
 garbage-first heap   total 17408K, used 8340K [0x0000000780000000, 0x00000007c0000000)
  region size 1024K, 6 young (6144K), 1 survivors (1024K)
 Metaspace       used 8190K, capacity 8322K, committed 8576K, reserved 1056768K
  class space    used 727K, capacity 785K, committed 896K, reserved 1048576K
}
Event: 0.169 GC heap after
{Heap after GC invocations=6 (full 1):
 garbage-first heap   total 140288K, used 3771K [0x0000000780000000, 0x00000007c0000000)
  region size 1024K, 1 young (1024K), 1 survivors (1024K)
 Metaspace       used 8190K, capacity 8322K, committed 8576K, reserved 1056768K
  class space    used 727K, capacity 785K, committed 896K, reserved 1048576K
}
Event: 0.208 GC heap before
{Heap before GC invocations=6 (full 1):
 garbage-first heap   total 140288K, used 24251K [0x0000000780000000, 0x00000007c0000000)
  region size 1024K, 22 young (22528K), 1 survivors (1024K)
 Metaspace       used 8323K, capacity 8462K, committed 8576K, reserved 1056768K
  class space    used 736K, capacity 787K, committed 896K, reserved 1048576K
}
Event: 0.214 GC heap after
{Heap after GC invocations=7 (full 2):
 garbage-first heap   total 24576K, used 5454K [0x0000000780000000, 0x00000007c0000000)
  region size 1024K, 0 young (0K), 0 survivors (0K)
 Metaspace       used 8323K, capacity 8462K, committed 8576K, reserved 1056768K
  class space    used 736K, capacity 787K, committed 896K, reserved 1048576K
}

