# JRE version: OpenJDK Runtime Environment Zulu15.40+19-CA (15.0.7+4) (build 15.0.7+4-MTS)
# Java VM: OpenJDK 64-Bit Server VM Zulu15.40+19-CA (15.0.7+4-MTS, mixed mode, tiered, compressed oops, g1 gc, bsd-aarch64)
GC Precious Log:
 CPUs: 8 total, 8 available
 Memory: 16384M
 Large Page Support: Disabled
 NUMA Support: Disabled
 Compressed Oops: Enabled (Zero based)
 Heap Region Size: 1M
 Heap Min Capacity: 8M
 Heap Initial Capacity: 256M
 Heap Max Capacity: 1G
 Pre-touch: Disabled
 Parallel Workers: 8
 Concurrent Workers: 2
 Concurrent Refinement Workers: 8
 Periodic GC: Disabled
Heap:
 garbage-first heap   total 24576K, used 5455K [0x0000000780000000, 0x00000007c0000000)
  region size 1024K, 1 young (1024K), 0 survivors (0K)
 Metaspace       used 8328K, capacity 8526K, committed 8832K, reserved 1056768K
  class space    used 736K, capacity 787K, committed 896K, reserved 1048576K
GC Heap History (16 events):
Event: 0.153 GC heap before
{Heap before GC invocations=0 (full 0):
 garbage-first heap   total 262144K, used 4096K [0x0000000780000000, 0x00000007c0000000)
  region size 1024K, 5 young (5120K), 0 survivors (0K)
 Metaspace       used 6964K, capacity 7077K, committed 7424K, reserved 1056768K
  class space    used 615K, capacity 674K, committed 768K, reserved 1048576K
}
Event: 0.155 GC heap after
{Heap after GC invocations=1 (full 1):
 garbage-first heap   total 17408K, used 1405K [0x0000000780000000, 0x00000007c0000000)
  region size 1024K, 0 young (0K), 0 survivors (0K)
 Metaspace       used 6964K, capacity 7077K, committed 7424K, reserved 1056768K
  class space    used 615K, capacity 674K, committed 768K, reserved 1048576K
}
Event: 0.216 GC heap before
{Heap before GC invocations=1 (full 1):
 garbage-first heap   total 17408K, used 5501K [0x0000000780000000, 0x00000007c0000000)
  region size 1024K, 4 young (4096K), 0 survivors (0K)
 Metaspace       used 8176K, capacity 8322K, committed 8576K, reserved 1056768K
  class space    used 726K, capacity 785K, committed 896K, reserved 1048576K
}
Event: 0.217 GC heap after
{Heap after GC invocations=2 (full 1):
 garbage-first heap   total 17408K, used 2092K [0x0000000780000000, 0x00000007c0000000)
  region size 1024K, 1 young (1024K), 1 survivors (1024K)
 Metaspace       used 8176K, capacity 8322K, committed 8576K, reserved 1056768K
  class space    used 726K, capacity 785K, committed 896K, reserved 1048576K
}
Event: 0.222 GC heap before
{Heap before GC invocations=2 (full 1):
 garbage-first heap   total 17408K, used 6188K [0x0000000780000000, 0x00000007c0000000)
  region size 1024K, 5 young (5120K), 1 survivors (1024K)
 Metaspace       used 8178K, capacity 8322K, committed 8576K, reserved 1056768K
  class space    used 727K, capacity 785K, committed 896K, reserved 1048576K
}
Event: 0.223 GC heap after
{Heap after GC invocations=3 (full 1):
 garbage-first heap   total 17408K, used 2514K [0x0000000780000000, 0x00000007c0000000)
  region size 1024K, 1 young (1024K), 1 survivors (1024K)
 Metaspace       used 8178K, capacity 8322K, committed 8576K, reserved 1056768K
  class space    used 727K, capacity 785K, committed 896K, reserved 1048576K
}
Event: 0.226 GC heap before
{Heap before GC invocations=3 (full 1):
 garbage-first heap   total 17408K, used 6610K [0x0000000780000000, 0x00000007c0000000)
  region size 1024K, 5 young (5120K), 1 survivors (1024K)
 Metaspace       used 8180K, capacity 8322K, committed 8576K, reserved 1056768K
  class space    used 727K, capacity 785K, committed 896K, reserved 1048576K
}
Event: 0.227 GC heap after
{Heap after GC invocations=4 (full 1):
 garbage-first heap   total 17408K, used 2820K [0x0000000780000000, 0x00000007c0000000)
  region size 1024K, 1 young (1024K), 1 survivors (1024K)
 Metaspace       used 8180K, capacity 8322K, committed 8576K, reserved 1056768K
  class space    used 727K, capacity 785K, committed 896K, reserved 1048576K
}
Event: 0.230 GC heap before
{Heap before GC invocations=4 (full 1):
 garbage-first heap   total 17408K, used 6916K [0x0000000780000000, 0x00000007c0000000)
  region size 1024K, 5 young (5120K), 1 survivors (1024K)
 Metaspace       used 8188K, capacity 8322K, committed 8576K, reserved 1056768K
  class space    used 727K, capacity 785K, committed 896K, reserved 1048576K
}
Event: 0.231 GC heap after
{Heap after GC invocations=5 (full 1):
 garbage-first heap   total 17408K, used 3229K [0x0000000780000000, 0x00000007c0000000)
  region size 1024K, 1 young (1024K), 1 survivors (1024K)
 Metaspace       used 8188K, capacity 8322K, committed 8576K, reserved 1056768K
  class space    used 727K, capacity 785K, committed 896K, reserved 1048576K
}
Event: 0.234 GC heap before
{Heap before GC invocations=5 (full 1):
 garbage-first heap   total 17408K, used 8349K [0x0000000780000000, 0x00000007c0000000)
  region size 1024K, 6 young (6144K), 1 survivors (1024K)
 Metaspace       used 8194K, capacity 8322K, committed 8576K, reserved 1056768K
  class space    used 727K, capacity 785K, committed 896K, reserved 1048576K
}
Event: 0.235 GC heap after
{Heap after GC invocations=6 (full 1):
 garbage-first heap   total 17408K, used 3747K [0x0000000780000000, 0x00000007c0000000)
  region size 1024K, 1 young (1024K), 1 survivors (1024K)
 Metaspace       used 8194K, capacity 8322K, committed 8576K, reserved 1056768K
  class space    used 727K, capacity 785K, committed 896K, reserved 1048576K
}
Event: 0.240 GC heap before
{Heap before GC invocations=6 (full 1):
 garbage-first heap   total 17408K, used 7843K [0x0000000780000000, 0x00000007c0000000)
  region size 1024K, 5 young (5120K), 1 survivors (1024K)
 Metaspace       used 8198K, capacity 8322K, committed 8576K, reserved 1056768K
  class space    used 727K, capacity 785K, committed 896K, reserved 1048576K
}
Event: 0.241 GC heap after
{Heap after GC invocations=7 (full 1):
 garbage-first heap   total 140288K, used 4173K [0x0000000780000000, 0x00000007c0000000)
  region size 1024K, 1 young (1024K), 1 survivors (1024K)
 Metaspace       used 8198K, capacity 8322K, committed 8576K, reserved 1056768K
  class space    used 727K, capacity 785K, committed 896K, reserved 1048576K
}
Event: 0.278 GC heap before
{Heap before GC invocations=7 (full 1):
 garbage-first heap   total 140288K, used 20557K [0x0000000780000000, 0x00000007c0000000)
  region size 1024K, 18 young (18432K), 1 survivors (1024K)
 Metaspace       used 8328K, capacity 8526K, committed 8832K, reserved 1056768K
  class space    used 736K, capacity 787K, committed 896K, reserved 1048576K
}
Event: 0.284 GC heap after
{Heap after GC invocations=8 (full 2):
 garbage-first heap   total 24576K, used 5455K [0x0000000780000000, 0x00000007c0000000)
  region size 1024K, 0 young (0K), 0 survivors (0K)
 Metaspace       used 8328K, capacity 8526K, committed 8832K, reserved 1056768K
  class space    used 736K, capacity 787K, committed 896K, reserved 1048576K
}

